<?xml version="1.0" encoding="UTF-8"?>
<Site BuildName="(empty)"
	BuildStamp="20241224-2036-Experimental"
	Name="(empty)"
	Generator="ctest-3.30.0"
	CompilerName=""
	CompilerVersion=""
	OSName="macOS"
	Hostname="Marvins-MacBook-Air.local"
	OSRelease="14.0"
	OSVersion="23A344"
	OSPlatform="arm64"
	Is64Bits="1"
	VendorString="Apple"
	VendorID="Apple"
	FamilyID="0"
	ModelID="0"
	ProcessorCacheSize="131072"
	NumberOfLogicalCPU="8"
	NumberOfPhysicalCPU="8"
	TotalVirtualMemory="15360"
	TotalPhysicalMemory="16384"
	LogicalProcessorsPerPhysical="8"
	ProcessorClockFrequency="0"
	>
	<Testing>
		<StartDateTime>Dec 24 14:36 CST</StartDateTime>
		<StartTestTime>1735072568</StartTestTime>
		<TestList/>
		<EndDateTime>Dec 24 14:36 CST</EndDateTime>
		<EndTestTime>1735072568</EndTestTime>
		<ElapsedMinutes>0</ElapsedMinutes>
	</Testing>
</Site>
